[ 2015-08-27T22:25:44+08:00 ] 127.0.0.1 /quanquan/index.php/home/index/photos
INFO: [ app_init ] --START--
INFO: Run Behavior\BuildLiteBehavior [ RunTime:0.000034s ]
INFO: [ app_init ] --END-- [ RunTime:0.001014s ]
INFO: [ app_begin ] --START--
INFO: Run Behavior\ReadHtmlCacheBehavior [ RunTime:0.001734s ]
INFO: [ app_begin ] --END-- [ RunTime:0.001904s ]
SQL: SHOW COLUMNS FROM `quanquan_artists` [ RunTime:0.0374s ]
SQL: SELECT * FROM `quanquan_artists` LIMIT 12   [ RunTime:0.0143s ]
INFO: [ view_parse ] --START--
INFO: [ template_filter ] --START--
INFO: Run Behavior\ContentReplaceBehavior [ RunTime:0.000095s ]
INFO: [ template_filter ] --END-- [ RunTime:0.000269s ]
INFO: Run Behavior\ParseTemplateBehavior [ RunTime:0.016972s ]
INFO: [ view_parse ] --END-- [ RunTime:0.017150s ]
INFO: [ view_filter ] --START--
INFO: Run Behavior\WriteHtmlCacheBehavior [ RunTime:0.001329s ]
INFO: [ view_filter ] --END-- [ RunTime:0.001489s ]
INFO: [ app_end ] --START--
INFO: Run Behavior\ShowPageTraceBehavior [ RunTime:0.001687s ]
INFO: [ app_end ] --END-- [ RunTime:0.001836s ]

[ 2015-08-27T22:25:45+08:00 ] 127.0.0.1 /quanquan/index.php/home/index/__PUBLIC__/artist/artist5.jpg
INFO: [ app_init ] --START--
INFO: Run Behavior\BuildLiteBehavior [ RunTime:0.000037s ]
INFO: [ app_init ] --END-- [ RunTime:0.000672s ]

[ 2015-08-27T22:25:45+08:00 ] 127.0.0.1 /quanquan/index.php/home/index/__PUBLIC__/artist/artist4.jpg
INFO: [ app_init ] --START--
INFO: Run Behavior\BuildLiteBehavior [ RunTime:0.000057s ]
INFO: [ app_init ] --END-- [ RunTime:0.001126s ]

[ 2015-08-27T22:25:45+08:00 ] 127.0.0.1 /quanquan/index.php/home/index/__PUBLIC__/artist/artist3.jpg
INFO: [ app_init ] --START--
INFO: Run Behavior\BuildLiteBehavior [ RunTime:0.000037s ]
INFO: [ app_init ] --END-- [ RunTime:0.002074s ]

[ 2015-08-27T22:25:45+08:00 ] 127.0.0.1 /quanquan/index.php/home/index/__PUBLIC__/artist/artist8.jpg
INFO: [ app_init ] --START--
INFO: Run Behavior\BuildLiteBehavior [ RunTime:0.000081s ]
INFO: [ app_init ] --END-- [ RunTime:0.001120s ]

[ 2015-08-27T22:25:45+08:00 ] 127.0.0.1 /quanquan/index.php/home/index/__PUBLIC__/artist/artist2.jpg
INFO: [ app_init ] --START--
INFO: Run Behavior\BuildLiteBehavior [ RunTime:0.000056s ]
INFO: [ app_init ] --END-- [ RunTime:0.002024s ]

[ 2015-08-27T22:25:45+08:00 ] 127.0.0.1 /quanquan/index.php/home/index/__PUBLIC__/artist/artist1.jpg
INFO: [ app_init ] --START--
INFO: Run Behavior\BuildLiteBehavior [ RunTime:0.000063s ]
INFO: [ app_init ] --END-- [ RunTime:0.001335s ]

[ 2015-08-27T22:25:45+08:00 ] 127.0.0.1 /quanquan/index.php/home/index/__PUBLIC__/artist/artist10.jpg
INFO: [ app_init ] --START--
INFO: Run Behavior\BuildLiteBehavior [ RunTime:0.000055s ]
INFO: [ app_init ] --END-- [ RunTime:0.000889s ]

[ 2015-08-27T22:25:45+08:00 ] 127.0.0.1 /quanquan/index.php/home/index/__PUBLIC__/artist/artist6.jpg
INFO: [ app_init ] --START--
INFO: Run Behavior\BuildLiteBehavior [ RunTime:0.000055s ]
INFO: [ app_init ] --END-- [ RunTime:0.000934s ]

[ 2015-08-27T22:25:45+08:00 ] 127.0.0.1 /quanquan/index.php/home/index/__PUBLIC__/artist/artist7.jpg
INFO: [ app_init ] --START--
INFO: Run Behavior\BuildLiteBehavior [ RunTime:0.000062s ]
INFO: [ app_init ] --END-- [ RunTime:0.002082s ]

[ 2015-08-27T22:25:45+08:00 ] 127.0.0.1 /quanquan/index.php/home/index/__PUBLIC__/artist/artist9.jpg
INFO: [ app_init ] --START--
INFO: Run Behavior\BuildLiteBehavior [ RunTime:0.000053s ]
INFO: [ app_init ] --END-- [ RunTime:0.001321s ]

[ 2015-08-27T22:25:45+08:00 ] 127.0.0.1 /quanquan/index.php/home/index/__PUBLIC__/artist/artist11.jpg
INFO: [ app_init ] --START--
INFO: Run Behavior\BuildLiteBehavior [ RunTime:0.000040s ]
INFO: [ app_init ] --END-- [ RunTime:0.000921s ]

[ 2015-08-27T22:25:45+08:00 ] 127.0.0.1 /quanquan/index.php/home/index/__PUBLIC__/artist/1/2.jpg
INFO: [ app_init ] --START--
INFO: Run Behavior\BuildLiteBehavior [ RunTime:0.000058s ]
INFO: [ app_init ] --END-- [ RunTime:0.000955s ]

[ 2015-08-27T22:25:45+08:00 ] 127.0.0.1 /quanquan/index.php/home/index/__PUBLIC__/artist/2/3.jpg
INFO: [ app_init ] --START--
INFO: Run Behavior\BuildLiteBehavior [ RunTime:0.000055s ]
INFO: [ app_init ] --END-- [ RunTime:0.001246s ]

[ 2015-08-27T22:25:45+08:00 ] 127.0.0.1 /quanquan/index.php/home/index/__PUBLIC__/artist/3/1.jpg
INFO: [ app_init ] --START--
INFO: Run Behavior\BuildLiteBehavior [ RunTime:0.000061s ]
INFO: [ app_init ] --END-- [ RunTime:0.000937s ]

[ 2015-08-27T22:25:45+08:00 ] 127.0.0.1 /quanquan/index.php/home/index/__PUBLIC__/artist/2/1.jpg
INFO: [ app_init ] --START--
INFO: Run Behavior\BuildLiteBehavior [ RunTime:0.000060s ]
INFO: [ app_init ] --END-- [ RunTime:0.001296s ]

[ 2015-08-27T22:25:45+08:00 ] 127.0.0.1 /quanquan/index.php/home/index/__PUBLIC__/artist/3/3.jpg
INFO: [ app_init ] --START--
INFO: Run Behavior\BuildLiteBehavior [ RunTime:0.000058s ]
INFO: [ app_init ] --END-- [ RunTime:0.001377s ]

[ 2015-08-27T22:25:45+08:00 ] 127.0.0.1 /quanquan/index.php/home/index/__PUBLIC__/artist/2/2.jpg
INFO: [ app_init ] --START--
INFO: Run Behavior\BuildLiteBehavior [ RunTime:0.000061s ]
INFO: [ app_init ] --END-- [ RunTime:0.001306s ]

[ 2015-08-27T22:25:45+08:00 ] 127.0.0.1 /quanquan/index.php/home/index/__PUBLIC__/artist/4/3.jpg
INFO: [ app_init ] --START--
INFO: Run Behavior\BuildLiteBehavior [ RunTime:0.000061s ]
INFO: [ app_init ] --END-- [ RunTime:0.001150s ]

[ 2015-08-27T22:25:45+08:00 ] 127.0.0.1 /quanquan/index.php/home/index/__PUBLIC__/artist/3/2.jpg
INFO: [ app_init ] --START--
INFO: Run Behavior\BuildLiteBehavior [ RunTime:0.000056s ]
INFO: [ app_init ] --END-- [ RunTime:0.001314s ]

[ 2015-08-27T22:25:45+08:00 ] 127.0.0.1 /quanquan/index.php/home/index/__PUBLIC__/artist/4/1.jpg
INFO: [ app_init ] --START--
INFO: Run Behavior\BuildLiteBehavior [ RunTime:0.000057s ]
INFO: [ app_init ] --END-- [ RunTime:0.000899s ]

[ 2015-08-27T22:25:45+08:00 ] 127.0.0.1 /quanquan/index.php/home/index/__PUBLIC__/artist/5/2.jpg
INFO: [ app_init ] --START--
INFO: Run Behavior\BuildLiteBehavior [ RunTime:0.000056s ]
INFO: [ app_init ] --END-- [ RunTime:0.001201s ]

[ 2015-08-27T22:25:45+08:00 ] 127.0.0.1 /quanquan/index.php/home/index/__PUBLIC__/artist/4/2.jpg
INFO: [ app_init ] --START--
INFO: Run Behavior\BuildLiteBehavior [ RunTime:0.000059s ]
INFO: [ app_init ] --END-- [ RunTime:0.000919s ]

[ 2015-08-27T22:25:45+08:00 ] 127.0.0.1 /quanquan/index.php/home/index/__PUBLIC__/artist/6/2.jpg
INFO: [ app_init ] --START--
INFO: Run Behavior\BuildLiteBehavior [ RunTime:0.000118s ]
INFO: [ app_init ] --END-- [ RunTime:0.001237s ]

[ 2015-08-27T22:25:45+08:00 ] 127.0.0.1 /quanquan/index.php/home/index/__PUBLIC__/artist/6/1.jpg
INFO: [ app_init ] --START--
INFO: Run Behavior\BuildLiteBehavior [ RunTime:0.000056s ]
INFO: [ app_init ] --END-- [ RunTime:0.000917s ]

[ 2015-08-27T22:25:45+08:00 ] 127.0.0.1 /quanquan/index.php/home/index/__PUBLIC__/artist/5/3.jpg
INFO: [ app_init ] --START--
INFO: Run Behavior\BuildLiteBehavior [ RunTime:0.000057s ]
INFO: [ app_init ] --END-- [ RunTime:0.001297s ]

[ 2015-08-27T22:25:45+08:00 ] 127.0.0.1 /quanquan/index.php/home/index/__PUBLIC__/artist/5/1.jpg
INFO: [ app_init ] --START--
INFO: Run Behavior\BuildLiteBehavior [ RunTime:0.000058s ]
INFO: [ app_init ] --END-- [ RunTime:0.002276s ]

[ 2015-08-27T22:25:45+08:00 ] 127.0.0.1 /quanquan/index.php/home/index/__PUBLIC__/artist/7/1.jpg
INFO: [ app_init ] --START--
INFO: Run Behavior\BuildLiteBehavior [ RunTime:0.000061s ]
INFO: [ app_init ] --END-- [ RunTime:0.000961s ]

[ 2015-08-27T22:25:45+08:00 ] 127.0.0.1 /quanquan/index.php/home/index/__PUBLIC__/artist/7/2.jpg
INFO: [ app_init ] --START--
INFO: Run Behavior\BuildLiteBehavior [ RunTime:0.000057s ]
INFO: [ app_init ] --END-- [ RunTime:0.000904s ]

[ 2015-08-27T22:25:45+08:00 ] 127.0.0.1 /quanquan/index.php/home/index/__PUBLIC__/artist/8/2.jpg
INFO: [ app_init ] --START--
INFO: Run Behavior\BuildLiteBehavior [ RunTime:0.000092s ]
INFO: [ app_init ] --END-- [ RunTime:0.001076s ]

[ 2015-08-27T22:25:45+08:00 ] 127.0.0.1 /quanquan/index.php/home/index/__PUBLIC__/artist/1/1.jpg
INFO: [ app_init ] --START--
INFO: Run Behavior\BuildLiteBehavior [ RunTime:0.000077s ]
INFO: [ app_init ] --END-- [ RunTime:0.001314s ]

[ 2015-08-27T22:25:45+08:00 ] 127.0.0.1 /quanquan/index.php/home/index/__PUBLIC__/artist/8/1.jpg
INFO: [ app_init ] --START--
INFO: Run Behavior\BuildLiteBehavior [ RunTime:0.000057s ]
INFO: [ app_init ] --END-- [ RunTime:0.001293s ]

[ 2015-08-27T22:25:45+08:00 ] 127.0.0.1 /quanquan/index.php/home/index/__PUBLIC__/artist/7/3.jpg
INFO: [ app_init ] --START--
INFO: Run Behavior\BuildLiteBehavior [ RunTime:0.000055s ]
INFO: [ app_init ] --END-- [ RunTime:0.001276s ]

[ 2015-08-27T22:25:45+08:00 ] 127.0.0.1 /quanquan/index.php/home/index/__PUBLIC__/artist/6/3.jpg
INFO: [ app_init ] --START--
INFO: Run Behavior\BuildLiteBehavior [ RunTime:0.000071s ]
INFO: [ app_init ] --END-- [ RunTime:0.012224s ]

[ 2015-08-27T22:25:45+08:00 ] 127.0.0.1 /quanquan/index.php/home/index/__PUBLIC__/artist/9/1.jpg
INFO: [ app_init ] --START--
INFO: Run Behavior\BuildLiteBehavior [ RunTime:0.000059s ]
INFO: [ app_init ] --END-- [ RunTime:0.000966s ]

[ 2015-08-27T22:25:45+08:00 ] 127.0.0.1 /quanquan/index.php/home/index/__PUBLIC__/artist/10/1.jpg
INFO: [ app_init ] --START--
INFO: Run Behavior\BuildLiteBehavior [ RunTime:0.000059s ]
INFO: [ app_init ] --END-- [ RunTime:0.001269s ]

[ 2015-08-27T22:25:45+08:00 ] 127.0.0.1 /quanquan/index.php/home/index/__PUBLIC__/artist/10/3.jpg
INFO: [ app_init ] --START--
INFO: Run Behavior\BuildLiteBehavior [ RunTime:0.000059s ]
INFO: [ app_init ] --END-- [ RunTime:0.000958s ]

[ 2015-08-27T22:25:45+08:00 ] 127.0.0.1 /quanquan/index.php/home/index/__PUBLIC__/artist/8/3.jpg
INFO: [ app_init ] --START--
INFO: Run Behavior\BuildLiteBehavior [ RunTime:0.000057s ]
INFO: [ app_init ] --END-- [ RunTime:0.001452s ]

[ 2015-08-27T22:25:45+08:00 ] 127.0.0.1 /quanquan/index.php/home/index/__PUBLIC__/artist/9/3.jpg
INFO: [ app_init ] --START--
INFO: Run Behavior\BuildLiteBehavior [ RunTime:0.000053s ]
INFO: [ app_init ] --END-- [ RunTime:0.001244s ]

[ 2015-08-27T22:25:45+08:00 ] 127.0.0.1 /quanquan/index.php/home/index/__PUBLIC__/artist/11/2.jpg
INFO: [ app_init ] --START--
INFO: Run Behavior\BuildLiteBehavior [ RunTime:0.000055s ]
INFO: [ app_init ] --END-- [ RunTime:0.000900s ]

[ 2015-08-27T22:25:45+08:00 ] 127.0.0.1 /quanquan/index.php/home/index/__PUBLIC__/artist/9/2.jpg
INFO: [ app_init ] --START--
INFO: Run Behavior\BuildLiteBehavior [ RunTime:0.000058s ]
INFO: [ app_init ] --END-- [ RunTime:0.002519s ]

[ 2015-08-27T22:25:45+08:00 ] 127.0.0.1 /quanquan/index.php/home/index/__PUBLIC__/artist/11/3.jpg
INFO: [ app_init ] --START--
INFO: Run Behavior\BuildLiteBehavior [ RunTime:0.000055s ]
INFO: [ app_init ] --END-- [ RunTime:0.000886s ]

[ 2015-08-27T22:25:45+08:00 ] 127.0.0.1 /quanquan/index.php/home/index/__PUBLIC__/artist/11/1.jpg
INFO: [ app_init ] --START--
INFO: Run Behavior\BuildLiteBehavior [ RunTime:0.000036s ]
INFO: [ app_init ] --END-- [ RunTime:0.000839s ]

[ 2015-08-27T22:26:11+08:00 ] 127.0.0.1 /quanquan/index.php/home/index/photos
INFO: [ app_init ] --START--
INFO: Run Behavior\BuildLiteBehavior [ RunTime:0.000037s ]
INFO: [ app_init ] --END-- [ RunTime:0.000933s ]
INFO: [ app_begin ] --START--
INFO: Run Behavior\ReadHtmlCacheBehavior [ RunTime:0.001778s ]
INFO: [ app_begin ] --END-- [ RunTime:0.001953s ]
SQL: SHOW COLUMNS FROM `quanquan_artists` [ RunTime:0.0038s ]
SQL: SELECT * FROM `quanquan_artists` LIMIT 12   [ RunTime:0.0005s ]
INFO: [ view_parse ] --START--
INFO: [ template_filter ] --START--
INFO: Run Behavior\ContentReplaceBehavior [ RunTime:0.000101s ]
INFO: [ template_filter ] --END-- [ RunTime:0.000292s ]
INFO: Run Behavior\ParseTemplateBehavior [ RunTime:0.016356s ]
INFO: [ view_parse ] --END-- [ RunTime:0.016543s ]
INFO: [ view_filter ] --START--
INFO: Run Behavior\WriteHtmlCacheBehavior [ RunTime:0.001310s ]
INFO: [ view_filter ] --END-- [ RunTime:0.001462s ]
INFO: [ app_end ] --START--
INFO: Run Behavior\ShowPageTraceBehavior [ RunTime:0.001602s ]
INFO: [ app_end ] --END-- [ RunTime:0.001753s ]

[ 2015-08-27T22:26:11+08:00 ] 127.0.0.1 /quanquan/index.php/home/index/__PUBLIC__/artist/1/3.jpg
INFO: [ app_init ] --START--
INFO: Run Behavior\BuildLiteBehavior [ RunTime:0.000039s ]
INFO: [ app_init ] --END-- [ RunTime:0.000632s ]

[ 2015-08-27T22:26:11+08:00 ] 127.0.0.1 /quanquan/index.php/home/index/__PUBLIC__/artist/artist2.jpg
INFO: [ app_init ] --START--
INFO: Run Behavior\BuildLiteBehavior [ RunTime:0.000055s ]
INFO: [ app_init ] --END-- [ RunTime:0.000898s ]

[ 2015-08-27T22:26:11+08:00 ] 127.0.0.1 /quanquan/index.php/home/index/__PUBLIC__/artist/artist3.jpg
INFO: [ app_init ] --START--
INFO: Run Behavior\BuildLiteBehavior [ RunTime:0.000058s ]
INFO: [ app_init ] --END-- [ RunTime:0.000935s ]

[ 2015-08-27T22:26:11+08:00 ] 127.0.0.1 /quanquan/index.php/home/index/__PUBLIC__/artist/1/1.jpg
INFO: [ app_init ] --START--
INFO: Run Behavior\BuildLiteBehavior [ RunTime:0.000034s ]
INFO: [ app_init ] --END-- [ RunTime:0.000821s ]

[ 2015-08-27T22:26:11+08:00 ] 127.0.0.1 /quanquan/index.php/home/index/__PUBLIC__/artist/2/3.jpg
INFO: [ app_init ] --START--
INFO: Run Behavior\BuildLiteBehavior [ RunTime:0.000060s ]
INFO: [ app_init ] --END-- [ RunTime:0.000924s ]

[ 2015-08-27T22:26:11+08:00 ] 127.0.0.1 /quanquan/index.php/home/index/__PUBLIC__/artist/3/3.jpg
INFO: [ app_init ] --START--
INFO: Run Behavior\BuildLiteBehavior [ RunTime:0.000058s ]
INFO: [ app_init ] --END-- [ RunTime:0.000924s ]

[ 2015-08-27T22:26:11+08:00 ] 127.0.0.1 /quanquan/index.php/home/index/__PUBLIC__/artist/4/1.jpg
INFO: [ app_init ] --START--
INFO: Run Behavior\BuildLiteBehavior [ RunTime:0.000061s ]
INFO: [ app_init ] --END-- [ RunTime:0.002219s ]

[ 2015-08-27T22:26:11+08:00 ] 127.0.0.1 /quanquan/index.php/home/index/__PUBLIC__/artist/2/1.jpg
INFO: [ app_init ] --START--
INFO: Run Behavior\BuildLiteBehavior [ RunTime:0.000063s ]
INFO: [ app_init ] --END-- [ RunTime:0.003094s ]

[ 2015-08-27T22:26:11+08:00 ] 127.0.0.1 /quanquan/index.php/home/index/__PUBLIC__/artist/4/3.jpg
INFO: [ app_init ] --START--
INFO: Run Behavior\BuildLiteBehavior [ RunTime:0.000061s ]
INFO: [ app_init ] --END-- [ RunTime:0.000932s ]

[ 2015-08-27T22:26:11+08:00 ] 127.0.0.1 /quanquan/index.php/home/index/__PUBLIC__/artist/artist1.jpg
INFO: [ app_init ] --START--
INFO: Run Behavior\BuildLiteBehavior [ RunTime:0.000060s ]
INFO: [ app_init ] --END-- [ RunTime:0.002004s ]

[ 2015-08-27T22:26:11+08:00 ] 127.0.0.1 /quanquan/index.php/home/index/__PUBLIC__/artist/artist4.jpg
INFO: [ app_init ] --START--
INFO: Run Behavior\BuildLiteBehavior [ RunTime:0.000053s ]
INFO: [ app_init ] --END-- [ RunTime:0.001274s ]

[ 2015-08-27T22:26:11+08:00 ] 127.0.0.1 /quanquan/index.php/home/index/__PUBLIC__/artist/5/1.jpg
INFO: [ app_init ] --START--
INFO: Run Behavior\BuildLiteBehavior [ RunTime:0.000058s ]
INFO: [ app_init ] --END-- [ RunTime:0.002774s ]

[ 2015-08-27T22:26:11+08:00 ] 127.0.0.1 /quanquan/index.php/home/index/__PUBLIC__/artist/5/3.jpg
INFO: [ app_init ] --START--
INFO: Run Behavior\BuildLiteBehavior [ RunTime:0.000056s ]
INFO: [ app_init ] --END-- [ RunTime:0.001556s ]

[ 2015-08-27T22:26:11+08:00 ] 127.0.0.1 /quanquan/index.php/home/index/__PUBLIC__/artist/3/1.jpg
INFO: [ app_init ] --START--
INFO: Run Behavior\BuildLiteBehavior [ RunTime:0.000056s ]
INFO: [ app_init ] --END-- [ RunTime:0.001328s ]

[ 2015-08-27T22:26:11+08:00 ] 127.0.0.1 /quanquan/index.php/home/index/__PUBLIC__/artist/artist5.jpg
INFO: [ app_init ] --START--
INFO: Run Behavior\BuildLiteBehavior [ RunTime:0.000054s ]
INFO: [ app_init ] --END-- [ RunTime:0.020765s ]

[ 2015-08-27T22:26:11+08:00 ] 127.0.0.1 /quanquan/index.php/home/index/__PUBLIC__/artist/artist7.jpg
INFO: [ app_init ] --START--
INFO: Run Behavior\BuildLiteBehavior [ RunTime:0.000059s ]
INFO: [ app_init ] --END-- [ RunTime:0.000934s ]

[ 2015-08-27T22:26:11+08:00 ] 127.0.0.1 /quanquan/index.php/home/index/__PUBLIC__/artist/6/3.jpg
INFO: [ app_init ] --START--
INFO: Run Behavior\BuildLiteBehavior [ RunTime:0.000058s ]
INFO: [ app_init ] --END-- [ RunTime:0.001821s ]

[ 2015-08-27T22:26:11+08:00 ] 127.0.0.1 /quanquan/index.php/home/index/__PUBLIC__/artist/artist6.jpg
INFO: [ app_init ] --START--
INFO: Run Behavior\BuildLiteBehavior [ RunTime:0.000062s ]
INFO: [ app_init ] --END-- [ RunTime:0.001682s ]

[ 2015-08-27T22:26:11+08:00 ] 127.0.0.1 /quanquan/index.php/home/index/__PUBLIC__/artist/7/1.jpg
INFO: [ app_init ] --START--
INFO: Run Behavior\BuildLiteBehavior [ RunTime:0.000061s ]
INFO: [ app_init ] --END-- [ RunTime:0.001402s ]



[ 2015-08-27T22:26:11+08:00 ] 127.0.0.1 /quanquan/index.php/home/index/__PUBLIC__/artist/7/3.jpg
INFO: [ app_init ] --START--
INFO: Run Behavior\BuildLiteBehavior [ RunTime:0.000060s ]
INFO: [ app_init ] --END-- [ RunTime:0.002607s ]

[ 2015-08-27T22:26:11+08:00 ] 127.0.0.1 /quanquan/index.php/home/index/__PUBLIC__/artist/6/1.jpg
INFO: [ app_init ] --START--
INFO: Run Behavior\BuildLiteBehavior [ RunTime:0.003981s ]
INFO: [ app_init ] --END-- [ RunTime:0.023807s ]

[ 2015-08-27T22:26:11+08:00 ] 127.0.0.1 /quanquan/index.php/home/index/__PUBLIC__/artist/artist9.jpg
INFO: [ app_init ] --START--
INFO: Run Behavior\BuildLiteBehavior [ RunTime:0.000061s ]
INFO: [ app_init ] --END-- [ RunTime:0.000944s ]

[ 2015-08-27T22:26:11+08:00 ] 127.0.0.1 /quanquan/index.php/home/index/__PUBLIC__/artist/9/1.jpg
INFO: [ app_init ] --START--
INFO: Run Behavior\BuildLiteBehavior [ RunTime:0.000060s ]
INFO: [ app_init ] --END-- [ RunTime:0.001288s ]

[ 2015-08-27T22:26:11+08:00 ] 127.0.0.1 /quanquan/index.php/home/index/__PUBLIC__/artist/8/1.jpg
INFO: [ app_init ] --START--
INFO: Run Behavior\BuildLiteBehavior [ RunTime:0.000062s ]
INFO: [ app_init ] --END-- [ RunTime:0.003850s ]

[ 2015-08-27T22:26:11+08:00 ] 127.0.0.1 /quanquan/index.php/home/index/__PUBLIC__/artist/9/3.jpg
INFO: [ app_init ] --START--
INFO: Run Behavior\BuildLiteBehavior [ RunTime:0.000058s ]
INFO: [ app_init ] --END-- [ RunTime:0.000923s ]

[ 2015-08-27T22:26:11+08:00 ] 127.0.0.1 /quanquan/index.php/home/index/__PUBLIC__/artist/artist11.jpg
INFO: [ app_init ] --START--
INFO: Run Behavior\BuildLiteBehavior [ RunTime:0.000061s ]
INFO: [ app_init ] --END-- [ RunTime:0.001834s ]

[ 2015-08-27T22:26:11+08:00 ] 127.0.0.1 /quanquan/index.php/home/index/__PUBLIC__/artist/8/3.jpg
INFO: [ app_init ] --START--
INFO: Run Behavior\BuildLiteBehavior [ RunTime:0.000058s ]
INFO: [ app_init ] --END-- [ RunTime:0.001276s ]

[ 2015-08-27T22:26:11+08:00 ] 127.0.0.1 /quanquan/index.php/home/index/__PUBLIC__/artist/artist10.jpg
INFO: [ app_init ] --START--
INFO: Run Behavior\BuildLiteBehavior [ RunTime:0.000062s ]
INFO: [ app_init ] --END-- [ RunTime:0.001833s ]

[ 2015-08-27T22:26:11+08:00 ] 127.0.0.1 /quanquan/index.php/home/index/__PUBLIC__/artist/10/3.jpg
INFO: [ app_init ] --START--
INFO: Run Behavior\BuildLiteBehavior [ RunTime:0.000075s ]
INFO: [ app_init ] --END-- [ RunTime:0.001991s ]

[ 2015-08-27T22:26:11+08:00 ] 127.0.0.1 /quanquan/index.php/home/index/__PUBLIC__/artist/10/1.jpg
INFO: [ app_init ] --START--
INFO: Run Behavior\BuildLiteBehavior [ RunTime:0.000053s ]
INFO: [ app_init ] --END-- [ RunTime:0.000925s ]

[ 2015-08-27T22:26:11+08:00 ] 127.0.0.1 /quanquan/index.php/home/index/__PUBLIC__/artist/11/1.jpg
INFO: [ app_init ] --START--
INFO: Run Behavior\BuildLiteBehavior [ RunTime:0.000056s ]
INFO: [ app_init ] --END-- [ RunTime:0.001405s ]

[ 2015-08-27T22:26:11+08:00 ] 127.0.0.1 /quanquan/index.php/home/index/__PUBLIC__/artist/11/3.jpg
INFO: [ app_init ] --START--
INFO: Run Behavior\BuildLiteBehavior [ RunTime:0.000121s ]
INFO: [ app_init ] --END-- [ RunTime:0.001434s ]

[ 2015-08-27T22:32:29+08:00 ] 127.0.0.1 /quanquan/index.php/home/index/photos
INFO: [ app_init ] --START--
INFO: Run Behavior\BuildLiteBehavior [ RunTime:0.000059s ]
INFO: [ app_init ] --END-- [ RunTime:0.001171s ]
INFO: [ app_begin ] --START--
INFO: Run Behavior\ReadHtmlCacheBehavior [ RunTime:0.001864s ]
INFO: [ app_begin ] --END-- [ RunTime:0.002175s ]
SQL: SHOW COLUMNS FROM `quanquan_artists` [ RunTime:0.0067s ]
SQL: SELECT * FROM `quanquan_artists` LIMIT 12   [ RunTime:0.0008s ]
INFO: [ view_parse ] --START--
INFO: [ template_filter ] --START--
INFO: Run Behavior\ContentReplaceBehavior [ RunTime:0.000096s ]
INFO: [ template_filter ] --END-- [ RunTime:0.000267s ]
INFO: Run Behavior\ParseTemplateBehavior [ RunTime:0.018210s ]
INFO: [ view_parse ] --END-- [ RunTime:0.018500s ]
INFO: [ view_filter ] --START--
INFO: Run Behavior\WriteHtmlCacheBehavior [ RunTime:0.001061s ]
INFO: [ view_filter ] --END-- [ RunTime:0.001279s ]
INFO: [ app_end ] --START--
INFO: Run Behavior\ShowPageTraceBehavior [ RunTime:0.001022s ]
INFO: [ app_end ] --END-- [ RunTime:0.001171s ]

[ 2015-08-27T22:32:29+08:00 ] 127.0.0.1 /quanquan/index.php/home/index/%7B/quanquan/Public/$vo.artist_third_image_url%7D
INFO: [ app_init ] --START--
INFO: Run Behavior\BuildLiteBehavior [ RunTime:0.000060s ]
INFO: [ app_init ] --END-- [ RunTime:0.001060s ]
INFO: [ app_begin ] --START--
INFO: Run Behavior\ReadHtmlCacheBehavior [ RunTime:0.001435s ]
INFO: [ app_begin ] --END-- [ RunTime:0.001758s ]
ERR: 非法操作:{

[ 2015-08-27T22:32:29+08:00 ] 127.0.0.1 /quanquan/index.php/home/index/%7B/quanquan/Public/$vo.artist_main_image_url%7D
INFO: [ app_init ] --START--
INFO: Run Behavior\BuildLiteBehavior [ RunTime:0.000055s ]
INFO: [ app_init ] --END-- [ RunTime:0.001094s ]
INFO: [ app_begin ] --START--
INFO: Run Behavior\ReadHtmlCacheBehavior [ RunTime:0.001631s ]
INFO: [ app_begin ] --END-- [ RunTime:0.001958s ]
ERR: 非法操作:{

[ 2015-08-27T22:32:29+08:00 ] 127.0.0.1 /quanquan/index.php/home/index/%7B/quanquan/Public/$vo.artist_first_image_url%7D
INFO: [ app_init ] --START--
INFO: Run Behavior\BuildLiteBehavior [ RunTime:0.000056s ]
INFO: [ app_init ] --END-- [ RunTime:0.001040s ]
INFO: [ app_begin ] --START--
INFO: Run Behavior\ReadHtmlCacheBehavior [ RunTime:0.001143s ]
INFO: [ app_begin ] --END-- [ RunTime:0.001415s ]
ERR: 非法操作:{

[ 2015-08-27T22:33:16+08:00 ] 127.0.0.1 /quanquan/index.php/home/index/photos
INFO: [ app_init ] --START--
INFO: Run Behavior\BuildLiteBehavior [ RunTime:0.000037s ]
INFO: [ app_init ] --END-- [ RunTime:0.000724s ]
INFO: [ app_begin ] --START--
INFO: Run Behavior\ReadHtmlCacheBehavior [ RunTime:0.001418s ]
INFO: [ app_begin ] --END-- [ RunTime:0.001671s ]
SQL: SHOW COLUMNS FROM `quanquan_artists` [ RunTime:0.0041s ]
SQL: SELECT * FROM `quanquan_artists` LIMIT 12   [ RunTime:0.0006s ]
INFO: [ view_parse ] --START--
INFO: [ template_filter ] --START--
INFO: Run Behavior\ContentReplaceBehavior [ RunTime:0.000105s ]
INFO: [ template_filter ] --END-- [ RunTime:0.000285s ]
INFO: Run Behavior\ParseTemplateBehavior [ RunTime:0.019305s ]
INFO: [ view_parse ] --END-- [ RunTime:0.019500s ]
INFO: [ view_filter ] --START--
INFO: Run Behavior\WriteHtmlCacheBehavior [ RunTime:0.000719s ]
INFO: [ view_filter ] --END-- [ RunTime:0.000872s ]
INFO: [ app_end ] --START--
INFO: Run Behavior\ShowPageTraceBehavior [ RunTime:0.001055s ]
INFO: [ app_end ] --END-- [ RunTime:0.001216s ]

[ 2015-08-27T22:35:21+08:00 ] 127.0.0.1 /quanquan/index.php/home/index/photos
INFO: [ app_init ] --START--
INFO: Run Behavior\BuildLiteBehavior [ RunTime:0.000057s ]
INFO: [ app_init ] --END-- [ RunTime:0.001280s ]
INFO: [ app_begin ] --START--
INFO: Run Behavior\ReadHtmlCacheBehavior [ RunTime:0.001197s ]
INFO: [ app_begin ] --END-- [ RunTime:0.001380s ]
SQL: SHOW COLUMNS FROM `quanquan_artists` [ RunTime:0.0038s ]
SQL: SELECT * FROM `quanquan_artists` LIMIT 12   [ RunTime:0.0004s ]
INFO: [ view_parse ] --START--
INFO: [ template_filter ] --START--
INFO: Run Behavior\ContentReplaceBehavior [ RunTime:0.000097s ]
INFO: [ template_filter ] --END-- [ RunTime:0.000263s ]
INFO: Run Behavior\ParseTemplateBehavior [ RunTime:0.014979s ]
INFO: [ view_parse ] --END-- [ RunTime:0.015170s ]
INFO: [ view_filter ] --START--
INFO: Run Behavior\WriteHtmlCacheBehavior [ RunTime:0.000832s ]
INFO: [ view_filter ] --END-- [ RunTime:0.000982s ]
INFO: [ app_end ] --START--
INFO: Run Behavior\ShowPageTraceBehavior [ RunTime:0.001100s ]
INFO: [ app_end ] --END-- [ RunTime:0.001248s ]

[ 2015-08-27T23:46:42+08:00 ] 127.0.0.1 /quanquan/index.php/home/index/photos
INFO: [ app_init ] --START--
INFO: Run Behavior\BuildLiteBehavior [ RunTime:0.000038s ]
INFO: [ app_init ] --END-- [ RunTime:0.000932s ]
INFO: [ app_begin ] --START--
INFO: Run Behavior\ReadHtmlCacheBehavior [ RunTime:0.001066s ]
INFO: [ app_begin ] --END-- [ RunTime:0.001254s ]
SQL: SHOW COLUMNS FROM `quanquan_artists` [ RunTime:0.0357s ]
SQL: SELECT * FROM `quanquan_artists` LIMIT 12   [ RunTime:0.0067s ]
INFO: [ view_parse ] --START--
INFO: [ template_filter ] --START--
INFO: Run Behavior\ContentReplaceBehavior [ RunTime:0.000100s ]
INFO: [ template_filter ] --END-- [ RunTime:0.000280s ]
INFO: Run Behavior\ParseTemplateBehavior [ RunTime:0.040192s ]
INFO: [ view_parse ] --END-- [ RunTime:0.040374s ]
INFO: [ view_filter ] --START--
INFO: Run Behavior\WriteHtmlCacheBehavior [ RunTime:0.000687s ]
INFO: [ view_filter ] --END-- [ RunTime:0.000851s ]
INFO: [ app_end ] --START--
INFO: Run Behavior\ShowPageTraceBehavior [ RunTime:0.000873s ]
INFO: [ app_end ] --END-- [ RunTime:0.001019s ]
NOTIC: [8] Use of undefined constant ThinkPHP - assumed 'ThinkPHP' F:\Code\php\Quanquan\index.php 第 25 行.
NOTIC: [8] Use of undefined constant Mode - assumed 'Mode' F:\Code\php\Quanquan\index.php 第 25 行.
NOTIC: [2] Division by zero F:\Code\php\Quanquan\index.php 第 25 行.
NOTIC: [8] Use of undefined constant sae - assumed 'sae' F:\Code\php\Quanquan\index.php 第 25 行.
NOTIC: [2] Division by zero F:\Code\php\Quanquan\index.php 第 25 行.
NOTIC: [8] Use of undefined constant php - assumed 'php' F:\Code\php\Quanquan\index.php 第 25 行.
NOTIC: [2] require(php) [<a href='function.require'>function.require</a>]: failed to open stream: No such file or directory F:\Code\php\Quanquan\index.php 第 25 行.

